############################################################
#                                                          #
#                       GENIE (v1.2.1)                     #
#                                                          #
############################################################

Seed = -459529002
Number of individuals after filtering: 285124
Number of covariates: 32
Number of environments: 4
**************************************************
Number of SNPs in bin 0 = 454207
Number of SNPs in bin 1 = 454207
Number of SNPs in bin 2 = 454207
Number of SNPs in bin 3 = 454207
Number of SNPs in bin 4 = 454207
**************************************************
Number of G variance components = 1
Number of GxE variance components = 4
Number of NxE variance components = 0
**************************************************
OUTPUT: 
Variance components: 
Sigma^2_g[0] : -0.0043855  SE : 0.000827167
Sigma^2_gxe[0] : 0.255945  SE : 0.00213599
Sigma^2_gxe[1] : 0.0367755  SE : 0.00184198
Sigma^2_gxe[2] : 0.00269965  SE : 0.00139911
Sigma^2_gxe[3] : -0.00131249  SE : 0.000419522
Sigma^2_e : 0.93465  SE : 0.000602068
**************************************************
Heritabilities: 
h2_g[0] : -0.00438501 SE : 0.000827077
h2_gxe[0] : 0.0641869 SE : 0.000530305
h2_gxe[1] : 0.00440726 SE : 0.000219676
h2_gxe[2] : 0.0015724 SE : 0.00081403
h2_gxe[3] : -0.000330151 SE : 0.000105566
Total h2 : 0.0654514 SE: 0.000602002
Total h2_g : -0.00438501 SE: 0.000827077
Total h2_gxe : 0.0641869 SE: 0.000530305
**************************************************
Enrichments:
G enrichment
Enrichment g[0] : 1 SE : 0
**************************************************
**************************************************
Heritabilities and enrichments computed (overlapping def)
Heritabilities: 
h2_g[0] : -0.00438501 SE : 0.000827077
**************************************************
Enrichments (overlapping def): 
Enrichment g[0] : 1 SE : 5.57301e-11
