############################################################
#                                                          #
#                       GENIE (v1.2.1)                     #
#                                                          #
############################################################

Seed = 208824539
Number of individuals after filtering: 285124
Number of covariates: 32
Number of environments: 4
**************************************************
Number of SNPs in bin 0 = 454207
Number of SNPs in bin 1 = 454207
Number of SNPs in bin 2 = 454207
Number of SNPs in bin 3 = 454207
Number of SNPs in bin 4 = 454207
**************************************************
Number of G variance components = 1
Number of GxE variance components = 4
Number of NxE variance components = 0
**************************************************
OUTPUT: 
Variance components: 
Sigma^2_g[0] : -0.0013574  SE : 0.000776582
Sigma^2_gxe[0] : 0.226817  SE : 0.00195564
Sigma^2_gxe[1] : 0.0310318  SE : 0.00156513
Sigma^2_gxe[2] : -0.00192127  SE : 0.00120993
Sigma^2_gxe[3] : 2.41796e-05  SE : 0.000542815
Sigma^2_e : 0.942154  SE : 0.000564565
**************************************************
Heritabilities: 
h2_g[0] : -0.00135724 SE : 0.000776493
h2_gxe[0] : 0.0567043 SE : 0.000478997
h2_gxe[1] : 0.00371713 SE : 0.000186328
h2_gxe[2] : -0.00112193 SE : 0.000707022
h2_gxe[3] : 6.03862e-06 SE : 0.000135561
Total h2 : 0.0579483 SE: 0.000564504
Total h2_g : -0.00135724 SE: 0.000776493
Total h2_gxe : 0.0567043 SE: 0.000478997
**************************************************
Enrichments:
G enrichment
Enrichment g[0] : 1 SE : 0
**************************************************
**************************************************
Heritabilities and enrichments computed (overlapping def)
Heritabilities: 
h2_g[0] : -0.00135724 SE : 0.000776493
**************************************************
Enrichments (overlapping def): 
Enrichment g[0] : 1 SE : 5.79013e-11
