############################################################
#                                                          #
#                       GENIE (v1.2.1)                     #
#                                                          #
############################################################

Seed = 1576319405
Number of individuals after filtering: 285124
Number of covariates: 32
Number of environments: 4
**************************************************
Number of SNPs in bin 0 = 454207
Number of SNPs in bin 1 = 454207
Number of SNPs in bin 2 = 454207
Number of SNPs in bin 3 = 454207
Number of SNPs in bin 4 = 454207
**************************************************
Number of G variance components = 1
Number of GxE variance components = 4
Number of NxE variance components = 0
**************************************************
OUTPUT: 
Variance components: 
Sigma^2_g[0] : 0.000937364  SE : 0.000655247
Sigma^2_gxe[0] : 0.278975  SE : 0.00207835
Sigma^2_gxe[1] : 0.0204083  SE : 0.00118983
Sigma^2_gxe[2] : -0.00491866  SE : 0.00108986
Sigma^2_gxe[3] : -0.000628445  SE : 0.000613915
Sigma^2_e : 0.929882  SE : 0.000578626
**************************************************
Heritabilities: 
h2_g[0] : 0.00093727 SE : 0.000655181
h2_gxe[0] : 0.0698675 SE : 0.000516173
h2_gxe[1] : 0.00245555 SE : 0.000142409
h2_gxe[2] : -0.00288424 SE : 0.000640569
h2_gxe[3] : -0.00015727 SE : 0.000153652
Total h2 : 0.0702188 SE: 0.000578564
Total h2_g : 0.00093727 SE: 0.000655181
Total h2_gxe : 0.0698675 SE: 0.000516173
**************************************************
Enrichments:
G enrichment
Enrichment g[0] : 1 SE : 0
**************************************************
**************************************************
Heritabilities and enrichments computed (overlapping def)
Heritabilities: 
h2_g[0] : 0.00093727 SE : 0.000655181
**************************************************
Enrichments (overlapping def): 
Enrichment g[0] : 1 SE : 6.58701e-11
