############################################################
#                                                          #
#                       GENIE (v1.2.1)                     #
#                                                          #
############################################################

Seed = -512450930
Number of individuals after filtering: 285124
Number of covariates: 32
Number of environments: 4
**************************************************
Number of SNPs in bin 0 = 454207
Number of SNPs in bin 1 = 454207
Number of SNPs in bin 2 = 454207
Number of SNPs in bin 3 = 454207
Number of SNPs in bin 4 = 454207
**************************************************
Number of G variance components = 1
Number of GxE variance components = 4
Number of NxE variance components = 0
**************************************************
OUTPUT: 
Variance components: 
Sigma^2_g[0] : 0.00116378  SE : 0.000847359
Sigma^2_gxe[0] : 0.14525  SE : 0.00115994
Sigma^2_gxe[1] : 0.0299101  SE : 0.0015491
Sigma^2_gxe[2] : -0.00614674  SE : 0.00137283
Sigma^2_gxe[3] : 0.000953646  SE : 0.000713012
Sigma^2_e : 0.96209  SE : 0.000390486
**************************************************
Heritabilities: 
h2_g[0] : 0.00116368 SE : 0.000847285
h2_gxe[0] : 0.0366196 SE : 0.000288229
h2_gxe[1] : 0.00359404 SE : 0.000185238
h2_gxe[2] : -0.00360084 SE : 0.000806105
h2_gxe[3] : 0.000237726 SE : 0.000177693
Total h2 : 0.0380142 SE: 0.000390444
Total h2_g : 0.00116368 SE: 0.000847285
Total h2_gxe : 0.0366196 SE: 0.000288229
**************************************************
Enrichments:
G enrichment
Enrichment g[0] : 1 SE : 0
**************************************************
**************************************************
Heritabilities and enrichments computed (overlapping def)
Heritabilities: 
h2_g[0] : 0.00116368 SE : 0.000847285
**************************************************
Enrichments (overlapping def): 
Enrichment g[0] : 1 SE : 5.58428e-11
